INFO 2025-09-02 11:15:23,230 views 69169 6204518400 Auth form submission - Form valid: True, Credentials exist: True
INFO 2025-09-02 11:15:23,230 views 69169 6204518400 Processing authentication with request_token: FLYVzcnPjd...
INFO 2025-09-02 11:15:23,230 views 69169 6204518400 Attempting to generate session...
ERROR 2025-09-02 11:15:23,729 services 69169 6204518400 Session generation failed: Token is invalid or has expired.
ERROR 2025-09-02 11:15:23,730 views 69169 6204518400 Authentication failed: Token is invalid or has expired.
Traceback (most recent call last):
  File "/Users/prathameshkale/Documents/django-automation/stock_data/views.py", line 51, in settings
    session_data = kite_service.generate_session(request_token)
  File "/Users/prathameshkale/Documents/django-automation/stock_data/services.py", line 75, in generate_session
    session_data = self.kite.generate_session(
        request_token, api_secret=self.api_secret
    )
  File "/Users/prathameshkale/Documents/django-automation/venv/lib/python3.13/site-packages/kiteconnect/connect.py", line 263, in generate_session
    resp = self._post("api.token", params={
        "api_key": self.api_key,
        "request_token": request_token,
        "checksum": checksum
    })
  File "/Users/prathameshkale/Documents/django-automation/venv/lib/python3.13/site-packages/kiteconnect/connect.py", line 865, in _post
    return self._request(route, "POST", url_args=url_args, params=params, is_json=is_json, query_params=query_params)
           ~~~~~~~~~~~~~^^^^^^^^^^^^^^^^^^^^^^^^^^^^^^^^^^^^^^^^^^^^^^^^^^^^^^^^^^^^^^^^^^^^^^^^^^^^^^^^^^^^^^^^^^^^^
  File "/Users/prathameshkale/Documents/django-automation/venv/lib/python3.13/site-packages/kiteconnect/connect.py", line 937, in _request
    raise exp(data["message"], code=r.status_code)
kiteconnect.exceptions.TokenException: Token is invalid or has expired.
INFO 2025-09-02 11:15:29,057 views 69169 6204518400 Auth form submission - Form valid: True, Credentials exist: True
INFO 2025-09-02 11:15:29,057 views 69169 6204518400 Processing authentication with request_token: FLYVzcnPjd...
INFO 2025-09-02 11:15:29,057 views 69169 6204518400 Attempting to generate session...
ERROR 2025-09-02 11:15:29,388 services 69169 6204518400 Session generation failed: Token is invalid or has expired.
ERROR 2025-09-02 11:15:29,389 views 69169 6204518400 Authentication failed: Token is invalid or has expired.
Traceback (most recent call last):
  File "/Users/prathameshkale/Documents/django-automation/stock_data/views.py", line 51, in settings
    session_data = kite_service.generate_session(request_token)
  File "/Users/prathameshkale/Documents/django-automation/stock_data/services.py", line 75, in generate_session
    session_data = self.kite.generate_session(
        request_token, api_secret=self.api_secret
    )
  File "/Users/prathameshkale/Documents/django-automation/venv/lib/python3.13/site-packages/kiteconnect/connect.py", line 263, in generate_session
    resp = self._post("api.token", params={
        "api_key": self.api_key,
        "request_token": request_token,
        "checksum": checksum
    })
  File "/Users/prathameshkale/Documents/django-automation/venv/lib/python3.13/site-packages/kiteconnect/connect.py", line 865, in _post
    return self._request(route, "POST", url_args=url_args, params=params, is_json=is_json, query_params=query_params)
           ~~~~~~~~~~~~~^^^^^^^^^^^^^^^^^^^^^^^^^^^^^^^^^^^^^^^^^^^^^^^^^^^^^^^^^^^^^^^^^^^^^^^^^^^^^^^^^^^^^^^^^^^^^
  File "/Users/prathameshkale/Documents/django-automation/venv/lib/python3.13/site-packages/kiteconnect/connect.py", line 937, in _request
    raise exp(data["message"], code=r.status_code)
kiteconnect.exceptions.TokenException: Token is invalid or has expired.
INFO 2025-09-02 11:17:47,173 views 69169 6204518400 Auth form submission - Form valid: True, Credentials exist: True
INFO 2025-09-02 11:17:47,173 views 69169 6204518400 Processing authentication with request_token: n8ItarV61y...
INFO 2025-09-02 11:17:47,173 views 69169 6204518400 Attempting to generate session...
INFO 2025-09-02 11:17:47,605 views 69169 6204518400 Session data received: {'user_type': 'individual/res_no_nn', 'email': 'bhatikares@gmail.com', 'user_name': 'Sourabh Vidhyadhar Bhatikare', 'user_shortname': 'Sourabh', 'broker': 'ZERODHA', 'exchanges': ['NSE', 'NFO', 'BFO', 'BSE', 'MF'], 'products': ['CNC', 'NRML', 'MIS', 'BO', 'CO'], 'order_types': ['MARKET', 'LIMIT', 'SL', 'SL-M'], 'avatar_url': None, 'user_id': 'WH8704', 'api_key': 'bd53m7sxfmjy2kbz', 'access_token': 'OP125jPtFBmRR29bdoZsMDcuTy3J6v5Q', 'public_token': '7SbmT9NeoOGqhrTNR3pxQQwFsggGNVGR', 'refresh_token': '', 'enctoken': 'Ux4Z3FMuYL5hbwTRsUZ0b/actaBi6ONNXnZS7PHync7FNYH4bxv3xxuTT+398GApKLLlWYVUa+meGJ8VO+DoMVHz+fLmcFOaMQVer2xtDgDopbZXJ2usyeAYd9s7yrY=', 'login_time': datetime.datetime(2025, 9, 2, 16, 34, 37), 'meta': {'demat_consent': 'consent'}}
INFO 2025-09-02 11:17:47,609 views 69169 6204518400 Authentication successful for user: WH8704
ERROR 2025-09-02 11:18:11,675 views 69169 6204518400 Error fetching data: KiteDataService.fetch_historical_data() got an unexpected keyword argument 'symbol'
INFO 2025-09-02 11:20:46,874 services 69281 6165934080 Fetching data for token 2953217 from 2025-08-26 to 2025-09-02
INFO 2025-09-02 11:21:13,988 services 69281 6165934080 Fetching data for token 341249 from 2025-08-26 to 2025-09-02
ERROR 2025-09-02 11:32:45,526 views 69403 6160379904 Error fetching data: KiteDataService.load_data_from_json() takes 2 positional arguments but 5 were given
Traceback (most recent call last):
  File "/Users/prathameshkale/Documents/django-automation/stock_data/views.py", line 41, in index
    existing_data = kite_service.load_data_from_json(symbol, from_date, to_date, interval)
TypeError: KiteDataService.load_data_from_json() takes 2 positional arguments but 5 were given
INFO 2025-09-02 11:34:05,090 services 69576 6205370368 Fetching data for token 738561 from 2025-08-03 to 2025-09-02
ERROR 2025-09-02 11:34:05,728 services 69576 6205370368 Error saving data to JSON: 'str' object has no attribute 'strftime'
ERROR 2025-09-02 11:34:05,728 views 69576 6205370368 Error fetching data: 'str' object has no attribute 'strftime'
Traceback (most recent call last):
  File "/Users/prathameshkale/Documents/django-automation/stock_data/views.py", line 55, in index
    filepath = kite_service.save_data_to_json(historical_data, symbol, from_date, to_date, interval)
  File "/Users/prathameshkale/Documents/django-automation/stock_data/services.py", line 407, in save_data_to_json
    from_date_str = from_date.strftime("%Y%m%d")
                    ^^^^^^^^^^^^^^^^^^
AttributeError: 'str' object has no attribute 'strftime'
INFO 2025-09-02 11:34:09,641 services 69576 6205370368 Fetching data for token 408065 from 2025-08-03 to 2025-09-02
ERROR 2025-09-02 11:34:10,382 services 69576 6205370368 Error saving data to JSON: 'str' object has no attribute 'strftime'
ERROR 2025-09-02 11:34:10,382 views 69576 6205370368 Error fetching data: 'str' object has no attribute 'strftime'
Traceback (most recent call last):
  File "/Users/prathameshkale/Documents/django-automation/stock_data/views.py", line 55, in index
    filepath = kite_service.save_data_to_json(historical_data, symbol, from_date, to_date, interval)
  File "/Users/prathameshkale/Documents/django-automation/stock_data/services.py", line 407, in save_data_to_json
    from_date_str = from_date.strftime("%Y%m%d")
                    ^^^^^^^^^^^^^^^^^^
AttributeError: 'str' object has no attribute 'strftime'
INFO 2025-09-02 11:36:06,140 services 69610 6194507776 Fetching data for token 408065 from 2025-08-03 to 2025-09-02
ERROR 2025-09-02 11:36:06,705 services 69610 6194507776 Error saving data to JSON: 'str' object has no attribute 'strftime'
ERROR 2025-09-02 11:36:06,705 views 69610 6194507776 Error fetching data: 'str' object has no attribute 'strftime'
Traceback (most recent call last):
  File "/Users/prathameshkale/Documents/django-automation/stock_data/views.py", line 69, in index
    filepath = kite_service.save_data_to_json(historical_data, symbol, from_date, to_date, interval)
  File "/Users/prathameshkale/Documents/django-automation/stock_data/services.py", line 407, in save_data_to_json
    from_date_str = from_date.strftime("%Y%m%d")
                    ^^^^^^^^^^^^^^^^^^
AttributeError: 'str' object has no attribute 'strftime'
INFO 2025-09-02 11:36:10,072 services 69610 6194507776 Fetching data for token 408065 from 2025-08-03 to 2025-09-02
ERROR 2025-09-02 11:36:10,667 services 69610 6194507776 Error saving data to JSON: 'str' object has no attribute 'strftime'
ERROR 2025-09-02 11:36:10,667 views 69610 6194507776 Error fetching data: 'str' object has no attribute 'strftime'
Traceback (most recent call last):
  File "/Users/prathameshkale/Documents/django-automation/stock_data/views.py", line 69, in index
    filepath = kite_service.save_data_to_json(historical_data, symbol, from_date, to_date, interval)
  File "/Users/prathameshkale/Documents/django-automation/stock_data/services.py", line 407, in save_data_to_json
    from_date_str = from_date.strftime("%Y%m%d")
                    ^^^^^^^^^^^^^^^^^^
AttributeError: 'str' object has no attribute 'strftime'
INFO 2025-09-02 11:38:23,156 services 69659 6202798080 Fetching data for token 408065 from 2025-08-03 to 2025-09-02
INFO 2025-09-02 11:38:23,717 services 69659 6202798080 Data saved to /Users/prathameshkale/Documents/django-automation/data_storage/INFY_minute_20250803_to_20250902_20250902_113823.json
INFO 2025-09-02 11:38:38,715 services 69659 6202798080 Fetching data for token 408065 from 2025-08-03 to 2025-09-02
INFO 2025-09-02 11:38:39,329 services 69659 6202798080 Data saved to /Users/prathameshkale/Documents/django-automation/data_storage/INFY_minute_20250803_to_20250902_20250902_113839.json
INFO 2025-09-02 11:39:46,515 services 69872 6166065152 Fetching data for token 738561 from 2025-08-03 to 2025-09-02
INFO 2025-09-02 11:39:47,128 services 69872 6166065152 Data saved to /Users/prathameshkale/Documents/django-automation/data_storage/RELIANCE_minute_20250803_to_20250902_20250902_113947.json
INFO 2025-09-02 11:40:04,957 services 69872 6166065152 Fetching data for token 2939649 from 2025-08-01 to 2025-09-02
INFO 2025-09-02 11:40:05,495 services 69872 6166065152 Data saved to /Users/prathameshkale/Documents/django-automation/data_storage/LT_minute_20250801_to_20250902_20250902_114005.json
INFO 2025-09-02 15:26:58,184 services 71680 6197096448 Fetching data for token 2953217 from 2025-08-03 to 2025-09-02
INFO 2025-09-02 15:26:58,880 services 71680 6197096448 Data saved to /Users/prathameshkale/Documents/django-automation/data_storage/TCS_minute_20250803_to_20250902_20250902_152658.json
INFO 2025-09-02 17:45:40,451 strategy_service 74297 12901707776 Running strategy on file: /Users/prathameshkale/Documents/django-automation/data_storage/TCS_minute_20250803_to_20250902_20250902_152658.json
INFO 2025-09-02 17:45:40,603 strategy_service 74297 12901707776 Saved 20 signals for TCS
ERROR 2025-09-02 17:45:40,604 strategy_service 74297 12901707776 Error saving backtest results: keys must be str, int, float, bool or None, not Timestamp
ERROR 2025-09-02 17:45:40,604 strategy_service 74297 12901707776 Error running strategy: keys must be str, int, float, bool or None, not Timestamp
INFO 2025-09-02 17:45:47,366 strategy_service 74297 12901707776 Running strategy on file: /Users/prathameshkale/Documents/django-automation/data_storage/TCS_minute_20250803_to_20250902_20250902_152658.json
INFO 2025-09-02 17:45:47,501 strategy_service 74297 12901707776 Saved 20 signals for TCS
ERROR 2025-09-02 17:45:47,502 strategy_service 74297 12901707776 Error saving backtest results: keys must be str, int, float, bool or None, not Timestamp
ERROR 2025-09-02 17:45:47,502 strategy_service 74297 12901707776 Error running strategy: keys must be str, int, float, bool or None, not Timestamp
INFO 2025-09-02 17:47:01,100 strategy_service 74297 12901707776 Running strategy on file: /Users/prathameshkale/Documents/django-automation/data_storage/INFY_minute_20250803_to_20250902_20250902_113839.json
INFO 2025-09-02 17:47:01,250 strategy_service 74297 12901707776 Saved 21 signals for INFY
ERROR 2025-09-02 17:47:01,250 strategy_service 74297 12901707776 Error saving backtest results: keys must be str, int, float, bool or None, not Timestamp
ERROR 2025-09-02 17:47:01,250 strategy_service 74297 12901707776 Error running strategy: keys must be str, int, float, bool or None, not Timestamp
INFO 2025-09-02 17:48:44,683 strategy_service 74297 12901707776 Running strategy on file: /Users/prathameshkale/Documents/django-automation/data_storage/INFY_minute_20250803_to_20250902_20250902_113839.json
INFO 2025-09-02 17:48:44,831 strategy_service 74297 12901707776 Saved 21 signals for INFY
ERROR 2025-09-02 17:48:44,831 strategy_service 74297 12901707776 Error saving backtest results: keys must be str, int, float, bool or None, not Timestamp
ERROR 2025-09-02 17:48:44,831 strategy_service 74297 12901707776 Error running strategy: keys must be str, int, float, bool or None, not Timestamp
INFO 2025-09-02 17:50:50,082 strategy_service 74511 6145126400 Running strategy on file: /Users/prathameshkale/Documents/django-automation/data_storage/RELIANCE_minute_20250803_to_20250902_20250902_113947.json
INFO 2025-09-02 17:50:50,227 strategy_service 74511 6145126400 Saved 13 signals for RELIANCE
INFO 2025-09-02 17:50:50,228 strategy_service 74511 6145126400 Saved backtest results for RELIANCE
INFO 2025-09-02 17:58:32,745 strategy_service 74511 6145126400 Running strategy on file: /Users/prathameshkale/Documents/django-automation/data_storage/INFY_minute_20250803_to_20250902_20250902_113839.json
INFO 2025-09-02 17:58:32,873 strategy_service 74511 6145126400 Saved 21 signals for INFY
INFO 2025-09-02 17:58:32,873 strategy_service 74511 6145126400 Saved backtest results for INFY
INFO 2025-09-02 18:08:09,118 services 74787 6133968896 Fetching data for token 2939649 from 2025-08-03 to 2025-09-02
INFO 2025-09-02 18:08:09,731 services 74787 6133968896 Data saved to /Users/prathameshkale/Documents/django-automation/data_storage/LT_minute_20250803_to_20250902_20250902_180809.json
INFO 2025-09-02 18:08:50,954 strategy_service 74787 6133968896 Running strategy on file: /Users/prathameshkale/Documents/django-automation/data_storage/LT_minute_20250803_to_20250902_20250902_180809.json
INFO 2025-09-02 18:08:51,104 strategy_service 74787 6133968896 Saved 14 signals for LT
INFO 2025-09-02 18:08:51,105 strategy_service 74787 6133968896 Saved backtest results for LT
INFO 2025-09-02 18:29:05,002 views 74787 6133968896 Auth form submission - Form valid: True, Credentials exist: True
INFO 2025-09-02 18:29:05,003 views 74787 6133968896 Processing authentication with request_token: n8ItarV61y...
INFO 2025-09-02 18:29:05,003 views 74787 6133968896 Attempting to generate session...
ERROR 2025-09-02 18:29:05,260 services 74787 6133968896 Session generation failed: Token is invalid or has expired.
ERROR 2025-09-02 18:29:05,261 views 74787 6133968896 Authentication failed: Token is invalid or has expired.
Traceback (most recent call last):
  File "/Users/prathameshkale/Documents/django-automation/stock_data/views.py", line 127, in settings
    session_data = kite_service.generate_session(request_token)
  File "/Users/prathameshkale/Documents/django-automation/stock_data/services.py", line 162, in generate_session
    session_data = self.kite.generate_session(
        request_token, api_secret=self.api_secret
    )
  File "/Users/prathameshkale/Documents/django-automation/venv/lib/python3.13/site-packages/kiteconnect/connect.py", line 263, in generate_session
    resp = self._post("api.token", params={
        "api_key": self.api_key,
        "request_token": request_token,
        "checksum": checksum
    })
  File "/Users/prathameshkale/Documents/django-automation/venv/lib/python3.13/site-packages/kiteconnect/connect.py", line 865, in _post
    return self._request(route, "POST", url_args=url_args, params=params, is_json=is_json, query_params=query_params)
           ~~~~~~~~~~~~~^^^^^^^^^^^^^^^^^^^^^^^^^^^^^^^^^^^^^^^^^^^^^^^^^^^^^^^^^^^^^^^^^^^^^^^^^^^^^^^^^^^^^^^^^^^^^
  File "/Users/prathameshkale/Documents/django-automation/venv/lib/python3.13/site-packages/kiteconnect/connect.py", line 937, in _request
    raise exp(data["message"], code=r.status_code)
kiteconnect.exceptions.TokenException: Token is invalid or has expired.
INFO 2025-09-02 18:29:17,356 views 74787 6133968896 Auth form submission - Form valid: True, Credentials exist: True
INFO 2025-09-02 18:29:17,356 views 74787 6133968896 Processing authentication with request_token: n8ItarV61y...
INFO 2025-09-02 18:29:17,356 views 74787 6133968896 Attempting to generate session...
ERROR 2025-09-02 18:29:17,591 services 74787 6133968896 Session generation failed: Token is invalid or has expired.
ERROR 2025-09-02 18:29:17,592 views 74787 6133968896 Authentication failed: Token is invalid or has expired.
Traceback (most recent call last):
  File "/Users/prathameshkale/Documents/django-automation/stock_data/views.py", line 127, in settings
    session_data = kite_service.generate_session(request_token)
  File "/Users/prathameshkale/Documents/django-automation/stock_data/services.py", line 162, in generate_session
    session_data = self.kite.generate_session(
        request_token, api_secret=self.api_secret
    )
  File "/Users/prathameshkale/Documents/django-automation/venv/lib/python3.13/site-packages/kiteconnect/connect.py", line 263, in generate_session
    resp = self._post("api.token", params={
        "api_key": self.api_key,
        "request_token": request_token,
        "checksum": checksum
    })
  File "/Users/prathameshkale/Documents/django-automation/venv/lib/python3.13/site-packages/kiteconnect/connect.py", line 865, in _post
    return self._request(route, "POST", url_args=url_args, params=params, is_json=is_json, query_params=query_params)
           ~~~~~~~~~~~~~^^^^^^^^^^^^^^^^^^^^^^^^^^^^^^^^^^^^^^^^^^^^^^^^^^^^^^^^^^^^^^^^^^^^^^^^^^^^^^^^^^^^^^^^^^^^^
  File "/Users/prathameshkale/Documents/django-automation/venv/lib/python3.13/site-packages/kiteconnect/connect.py", line 937, in _request
    raise exp(data["message"], code=r.status_code)
kiteconnect.exceptions.TokenException: Token is invalid or has expired.
INFO 2025-09-03 08:20:52,355 strategy_service 79358 6191525888 Running strategy on file: /Users/prathameshkale/Documents/django-automation/data_storage/TCS_minute_20250803_to_20250902_20250902_152658.json
INFO 2025-09-03 08:20:52,502 strategy_service 79358 6191525888 Saved 20 signals for TCS
INFO 2025-09-03 08:20:52,503 strategy_service 79358 6191525888 Saved backtest results for TCS
INFO 2025-09-03 12:48:27,670 views 82181 6197866496 Auth form submission - Form valid: True, Credentials exist: True
INFO 2025-09-03 12:48:27,671 views 82181 6197866496 Processing authentication with request_token: 9ZqnJlL4Wq...
INFO 2025-09-03 12:48:27,671 views 82181 6197866496 Attempting to generate session...
ERROR 2025-09-03 12:48:28,230 services 82181 6197866496 Session generation failed: Token is invalid or has expired.
ERROR 2025-09-03 12:48:28,230 views 82181 6197866496 Authentication failed: Token is invalid or has expired.
Traceback (most recent call last):
  File "/Users/prathameshkale/Documents/django-automation/stock_data/views.py", line 127, in settings
    session_data = kite_service.generate_session(request_token)
  File "/Users/prathameshkale/Documents/django-automation/stock_data/services.py", line 162, in generate_session
    session_data = self.kite.generate_session(
        request_token, api_secret=self.api_secret
    )
  File "/Users/prathameshkale/Documents/django-automation/venv/lib/python3.13/site-packages/kiteconnect/connect.py", line 263, in generate_session
    resp = self._post("api.token", params={
        "api_key": self.api_key,
        "request_token": request_token,
        "checksum": checksum
    })
  File "/Users/prathameshkale/Documents/django-automation/venv/lib/python3.13/site-packages/kiteconnect/connect.py", line 865, in _post
    return self._request(route, "POST", url_args=url_args, params=params, is_json=is_json, query_params=query_params)
           ~~~~~~~~~~~~~^^^^^^^^^^^^^^^^^^^^^^^^^^^^^^^^^^^^^^^^^^^^^^^^^^^^^^^^^^^^^^^^^^^^^^^^^^^^^^^^^^^^^^^^^^^^^
  File "/Users/prathameshkale/Documents/django-automation/venv/lib/python3.13/site-packages/kiteconnect/connect.py", line 937, in _request
    raise exp(data["message"], code=r.status_code)
kiteconnect.exceptions.TokenException: Token is invalid or has expired.
INFO 2025-09-03 12:48:38,122 views 82181 6197866496 Auth form submission - Form valid: True, Credentials exist: True
INFO 2025-09-03 12:48:38,123 views 82181 6197866496 Processing authentication with request_token: 9ZqnJlL4Wq...
INFO 2025-09-03 12:48:38,123 views 82181 6197866496 Attempting to generate session...
ERROR 2025-09-03 12:48:38,688 services 82181 6197866496 Session generation failed: Token is invalid or has expired.
ERROR 2025-09-03 12:48:38,688 views 82181 6197866496 Authentication failed: Token is invalid or has expired.
Traceback (most recent call last):
  File "/Users/prathameshkale/Documents/django-automation/stock_data/views.py", line 127, in settings
    session_data = kite_service.generate_session(request_token)
  File "/Users/prathameshkale/Documents/django-automation/stock_data/services.py", line 162, in generate_session
    session_data = self.kite.generate_session(
        request_token, api_secret=self.api_secret
    )
  File "/Users/prathameshkale/Documents/django-automation/venv/lib/python3.13/site-packages/kiteconnect/connect.py", line 263, in generate_session
    resp = self._post("api.token", params={
        "api_key": self.api_key,
        "request_token": request_token,
        "checksum": checksum
    })
  File "/Users/prathameshkale/Documents/django-automation/venv/lib/python3.13/site-packages/kiteconnect/connect.py", line 865, in _post
    return self._request(route, "POST", url_args=url_args, params=params, is_json=is_json, query_params=query_params)
           ~~~~~~~~~~~~~^^^^^^^^^^^^^^^^^^^^^^^^^^^^^^^^^^^^^^^^^^^^^^^^^^^^^^^^^^^^^^^^^^^^^^^^^^^^^^^^^^^^^^^^^^^^^
  File "/Users/prathameshkale/Documents/django-automation/venv/lib/python3.13/site-packages/kiteconnect/connect.py", line 937, in _request
    raise exp(data["message"], code=r.status_code)
kiteconnect.exceptions.TokenException: Token is invalid or has expired.
INFO 2025-09-03 12:49:06,988 views 82181 6197866496 Auth form submission - Form valid: True, Credentials exist: True
INFO 2025-09-03 12:49:06,988 views 82181 6197866496 Processing authentication with request_token: T9ZqnJlL4W...
INFO 2025-09-03 12:49:06,988 views 82181 6197866496 Attempting to generate session...
ERROR 2025-09-03 12:49:07,404 services 82181 6197866496 Session generation failed: Invalid `checksum`.
ERROR 2025-09-03 12:49:07,405 views 82181 6197866496 Authentication failed: Invalid `checksum`.
Traceback (most recent call last):
  File "/Users/prathameshkale/Documents/django-automation/stock_data/views.py", line 127, in settings
    session_data = kite_service.generate_session(request_token)
  File "/Users/prathameshkale/Documents/django-automation/stock_data/services.py", line 162, in generate_session
    session_data = self.kite.generate_session(
        request_token, api_secret=self.api_secret
    )
  File "/Users/prathameshkale/Documents/django-automation/venv/lib/python3.13/site-packages/kiteconnect/connect.py", line 263, in generate_session
    resp = self._post("api.token", params={
        "api_key": self.api_key,
        "request_token": request_token,
        "checksum": checksum
    })
  File "/Users/prathameshkale/Documents/django-automation/venv/lib/python3.13/site-packages/kiteconnect/connect.py", line 865, in _post
    return self._request(route, "POST", url_args=url_args, params=params, is_json=is_json, query_params=query_params)
           ~~~~~~~~~~~~~^^^^^^^^^^^^^^^^^^^^^^^^^^^^^^^^^^^^^^^^^^^^^^^^^^^^^^^^^^^^^^^^^^^^^^^^^^^^^^^^^^^^^^^^^^^^^
  File "/Users/prathameshkale/Documents/django-automation/venv/lib/python3.13/site-packages/kiteconnect/connect.py", line 937, in _request
    raise exp(data["message"], code=r.status_code)
kiteconnect.exceptions.TokenException: Invalid `checksum`.
INFO 2025-09-03 12:49:16,603 views 82181 6197866496 Auth form submission - Form valid: True, Credentials exist: True
INFO 2025-09-03 12:49:16,603 views 82181 6197866496 Processing authentication with request_token: T9ZqnJlL4W...
INFO 2025-09-03 12:49:16,603 views 82181 6197866496 Attempting to generate session...
ERROR 2025-09-03 12:49:17,258 services 82181 6197866496 Session generation failed: Invalid `checksum`.
ERROR 2025-09-03 12:49:17,258 views 82181 6197866496 Authentication failed: Invalid `checksum`.
Traceback (most recent call last):
  File "/Users/prathameshkale/Documents/django-automation/stock_data/views.py", line 127, in settings
    session_data = kite_service.generate_session(request_token)
  File "/Users/prathameshkale/Documents/django-automation/stock_data/services.py", line 162, in generate_session
    session_data = self.kite.generate_session(
        request_token, api_secret=self.api_secret
    )
  File "/Users/prathameshkale/Documents/django-automation/venv/lib/python3.13/site-packages/kiteconnect/connect.py", line 263, in generate_session
    resp = self._post("api.token", params={
        "api_key": self.api_key,
        "request_token": request_token,
        "checksum": checksum
    })
  File "/Users/prathameshkale/Documents/django-automation/venv/lib/python3.13/site-packages/kiteconnect/connect.py", line 865, in _post
    return self._request(route, "POST", url_args=url_args, params=params, is_json=is_json, query_params=query_params)
           ~~~~~~~~~~~~~^^^^^^^^^^^^^^^^^^^^^^^^^^^^^^^^^^^^^^^^^^^^^^^^^^^^^^^^^^^^^^^^^^^^^^^^^^^^^^^^^^^^^^^^^^^^^
  File "/Users/prathameshkale/Documents/django-automation/venv/lib/python3.13/site-packages/kiteconnect/connect.py", line 937, in _request
    raise exp(data["message"], code=r.status_code)
kiteconnect.exceptions.TokenException: Invalid `checksum`.
INFO 2025-09-03 12:51:16,290 views 82181 6197866496 Auth form submission - Form valid: True, Credentials exist: True
INFO 2025-09-03 12:51:16,290 views 82181 6197866496 Processing authentication with request_token: 6ImNiRVIhQ...
INFO 2025-09-03 12:51:16,291 views 82181 6197866496 Attempting to generate session...
INFO 2025-09-03 12:51:16,637 views 82181 6197866496 Session data received: {'user_type': 'individual/res_no_nn', 'email': 'bhatikares@gmail.com', 'user_name': 'Sourabh Vidhyadhar Bhatikare', 'user_shortname': 'Sourabh', 'broker': 'ZERODHA', 'exchanges': ['BFO', 'BSE', 'NSE', 'MF', 'NFO'], 'products': ['CNC', 'NRML', 'MIS', 'BO', 'CO'], 'order_types': ['MARKET', 'LIMIT', 'SL', 'SL-M'], 'avatar_url': None, 'user_id': 'WH8704', 'api_key': 'bd53m7sxfmjy2kbz', 'access_token': 'GyIT5cppuFHtrjLdN3IbieJzhzlL36ka', 'public_token': 'N0h72qhWwudx9f6VXwt6JFYiGdrhNbmn', 'refresh_token': '', 'enctoken': 'Oq8uxmuEvxip64OOTcVd2u89vDSPVGaHXgtGgAMXjzlyH+BXxWLt3N0NyM7belC5NEDJ89sTGx+41X0M/emwAzoTmFugmEvBylhwf8SJo80l84SkYFRQMljbVdZgkDk=', 'login_time': datetime.datetime(2025, 9, 3, 18, 18, 11), 'meta': {'demat_consent': 'consent'}}
INFO 2025-09-03 12:51:16,639 views 82181 6197866496 Authentication successful for user: WH8704
INFO 2025-09-03 12:52:57,717 services 82181 6197866496 Fetching data for token 2815745 from 2025-08-28 to 2025-09-03
INFO 2025-09-03 12:52:58,285 services 82181 6197866496 Data saved to /Users/prathameshkale/Documents/django-automation/data_storage/MARUTI_minute_20250828_to_20250903_20250903_125258.json
INFO 2025-09-03 12:53:20,893 strategy_service 82181 6197866496 Running strategy on file: /Users/prathameshkale/Documents/django-automation/data_storage/MARUTI_minute_20250828_to_20250903_20250903_125258.json
INFO 2025-09-03 12:53:20,978 strategy_service 82181 6197866496 Saved 9 signals for MARUTI
INFO 2025-09-03 12:53:20,979 strategy_service 82181 6197866496 Saved backtest results for MARUTI
INFO 2025-09-03 12:59:22,863 services 82181 6197866496 Fetching data for token 3787777 from 2025-08-04 to 2025-09-03
ERROR 2025-09-03 12:59:23,359 services 82181 6197866496 Error fetching historical data: invalid token
INFO 2025-09-03 12:59:23,366 services 82181 6197866496 Generated 1000 sample records
INFO 2025-09-03 12:59:23,388 services 82181 6197866496 Data saved to /Users/prathameshkale/Documents/django-automation/data_storage/WIPRO_minute_20250804_to_20250903_20250903_125923.json
INFO 2025-09-03 12:59:40,609 strategy_service 82181 6197866496 Running strategy on file: /Users/prathameshkale/Documents/django-automation/data_storage/WIPRO_minute_20250804_to_20250903_20250903_125923.json
INFO 2025-09-03 12:59:40,665 strategy_service 82181 6197866496 Saved 5 signals for WIPRO
INFO 2025-09-03 12:59:40,666 strategy_service 82181 6197866496 Saved backtest results for WIPRO
INFO 2025-09-03 13:45:45,278 services 82181 6197866496 Fetching data for token 2953217 from 2025-08-04 to 2025-09-03
INFO 2025-09-03 13:45:47,161 services 82181 6197866496 Data saved to /Users/prathameshkale/Documents/django-automation/data_storage/TCS_minute_20250804_to_20250903_20250903_134547.json
INFO 2025-09-03 13:45:58,877 strategy_service 82181 6197866496 Running strategy on file: /Users/prathameshkale/Documents/django-automation/data_storage/TCS_minute_20250804_to_20250903_20250903_134547.json
INFO 2025-09-03 13:45:59,034 strategy_service 82181 6197866496 Saved 20 signals for TCS
INFO 2025-09-03 13:45:59,035 strategy_service 82181 6197866496 Saved backtest results for TCS
INFO 2025-09-03 14:24:58,507 strategy_service 82181 6197866496 Running strategy on file: /Users/prathameshkale/Documents/django-automation/data_storage/TCS_minute_20250804_to_20250903_20250903_134547.json
INFO 2025-09-03 14:24:58,659 strategy_service 82181 6197866496 Saved 20 signals for TCS
INFO 2025-09-03 14:24:58,660 strategy_service 82181 6197866496 Saved backtest results for TCS
INFO 2025-09-03 14:29:38,658 services 85009 6129594368 Fetching data for token 738561 from 2025-08-04 to 2025-09-03
INFO 2025-09-03 14:29:39,352 services 85009 6129594368 Data saved to /Users/prathameshkale/Documents/django-automation/data_storage/RELIANCE_minute_20250804_to_20250903_20250903_142939.json
INFO 2025-09-03 14:29:51,437 strategy_service 85009 6129594368 Running strategy on file: /Users/prathameshkale/Documents/django-automation/data_storage/RELIANCE_minute_20250804_to_20250903_20250903_142939.json
INFO 2025-09-03 14:29:51,593 strategy_service 85009 6129594368 Saved 21 signals for RELIANCE
INFO 2025-09-03 14:29:51,594 strategy_service 85009 6129594368 Saved backtest results for RELIANCE
INFO 2025-09-03 14:31:07,860 views 85096 6136934400 Found matching symbol file: /Users/prathameshkale/Documents/django-automation/data_storage/RELIANCE_minute_20250804_to_20250903_20250903_142939.json
INFO 2025-09-03 14:31:07,865 views 85096 6136934400 Loaded file with 7875 records
INFO 2025-09-03 14:31:49,864 views 85115 6158626816 Found matching symbol file: /Users/prathameshkale/Documents/django-automation/data_storage/RELIANCE_minute_20250804_to_20250903_20250903_142939.json
INFO 2025-09-03 14:31:49,869 views 85115 6158626816 Loaded file with 7875 records
INFO 2025-09-03 14:31:49,871 views 85115 6158626816 Extracted 7875 valid OHLC records
INFO 2025-09-03 14:32:29,467 views 85115 6158626816 Found matching symbol file: /Users/prathameshkale/Documents/django-automation/data_storage/TCS_minute_20250804_to_20250903_20250903_134547.json
INFO 2025-09-03 14:32:29,472 views 85115 6158626816 Loaded file with 7875 records
INFO 2025-09-03 14:32:29,474 views 85115 6158626816 Extracted 7875 valid OHLC records
INFO 2025-09-03 14:32:36,822 views 85115 6158626816 Found matching symbol file: /Users/prathameshkale/Documents/django-automation/data_storage/RELIANCE_minute_20250804_to_20250903_20250903_142939.json
INFO 2025-09-03 14:32:36,827 views 85115 6158626816 Loaded file with 7875 records
INFO 2025-09-03 14:32:36,830 views 85115 6158626816 Extracted 7875 valid OHLC records
INFO 2025-09-03 14:33:22,481 views 85115 6158626816 Found matching symbol file: /Users/prathameshkale/Documents/django-automation/data_storage/TCS_minute_20250804_to_20250903_20250903_134547.json
INFO 2025-09-03 14:33:22,487 views 85115 6158626816 Loaded file with 7875 records
INFO 2025-09-03 14:33:22,489 views 85115 6158626816 Extracted 7875 valid OHLC records
INFO 2025-09-03 14:33:41,310 views 85115 6158626816 Found matching symbol file: /Users/prathameshkale/Documents/django-automation/data_storage/RELIANCE_minute_20250804_to_20250903_20250903_142939.json
INFO 2025-09-03 14:33:41,315 views 85115 6158626816 Loaded file with 7875 records
INFO 2025-09-03 14:33:41,317 views 85115 6158626816 Extracted 7875 valid OHLC records
INFO 2025-09-03 15:14:22,904 services 86096 6160478208 Fetching data for token 348929 from 2025-08-04 to 2025-09-03
INFO 2025-09-03 15:14:23,549 services 86096 6160478208 Data saved to /Users/prathameshkale/Documents/django-automation/data_storage/HINDALCO_minute_20250804_to_20250903_20250903_151423.json
INFO 2025-09-03 15:14:56,343 strategy_service 86096 6160478208 Running strategy on file: /Users/prathameshkale/Documents/django-automation/data_storage/HINDALCO_minute_20250804_to_20250903_20250903_151423.json
INFO 2025-09-03 15:14:56,503 strategy_service 86096 6160478208 Saved 23 signals for HINDALCO
INFO 2025-09-03 15:14:56,504 strategy_service 86096 6160478208 Saved backtest results for HINDALCO
INFO 2025-09-03 15:15:46,352 views 86096 6160478208 Found matching symbol file: /Users/prathameshkale/Documents/django-automation/data_storage/HINDALCO_minute_20250804_to_20250903_20250903_151423.json
INFO 2025-09-03 15:15:46,356 views 86096 6160478208 Loaded file with 7875 records
INFO 2025-09-03 15:15:46,359 views 86096 6160478208 Extracted 7875 valid OHLC records
INFO 2025-09-03 15:16:09,033 views 86096 6160478208 Found matching symbol file: /Users/prathameshkale/Documents/django-automation/data_storage/HINDALCO_minute_20250804_to_20250903_20250903_151423.json
INFO 2025-09-03 15:16:09,038 views 86096 6160478208 Loaded file with 7875 records
INFO 2025-09-03 15:16:09,040 views 86096 6160478208 Extracted 7875 valid OHLC records
INFO 2025-09-04 17:40:03,282 views 96337 6161821696 Auth form submission - Form valid: True, Credentials exist: True
INFO 2025-09-04 17:40:03,284 views 96337 6161821696 Processing authentication with request_token: kmS2IamkGr...
INFO 2025-09-04 17:40:03,284 views 96337 6161821696 Attempting to generate session...
INFO 2025-09-04 17:40:03,392 views 96337 6161821696 Session data received: {'user_type': 'individual/res_no_nn', 'email': 'bhatikares@gmail.com', 'user_name': 'Sourabh Vidhyadhar Bhatikare', 'user_shortname': 'Sourabh', 'broker': 'ZERODHA', 'exchanges': ['BFO', 'BSE', 'NSE', 'MF', 'NFO'], 'products': ['CNC', 'NRML', 'MIS', 'BO', 'CO'], 'order_types': ['MARKET', 'LIMIT', 'SL', 'SL-M'], 'avatar_url': None, 'user_id': 'WH8704', 'api_key': 'bd53m7sxfmjy2kbz', 'access_token': 'jwUO7w7E3WTd4xEu3g9zkba2E0D03GMi', 'public_token': 'Bz7fzP8ZH3J5CLOs4JfFOSplxA65x7EZ', 'refresh_token': '', 'enctoken': 'G6PWVqqd0pQYw9ke9XIsNEcX1/YoYMAZeSxk0B/PA2rYkG2b0OSQHDL7G1HCVEYzlwFPvyzHacOKvttTVMsawP/R11JuYuGjH94u81X+wgqDSOC2vYD5Z+ls4wW0rvA=', 'login_time': datetime.datetime(2025, 9, 4, 23, 9, 38), 'meta': {'demat_consent': 'consent'}}
INFO 2025-09-04 17:40:03,395 views 96337 6161821696 Authentication successful for user: WH8704
ERROR 2025-09-04 17:48:32,282 views 96780 6133067776 Error fetching data: Symbol NIFTY 50 not found in supported stocks
Traceback (most recent call last):
  File "/Users/prathameshkale/Documents/django-automation/stock_data/views.py", line 62, in index
    historical_data = kite_service.fetch_historical_data_by_symbol(
        symbol=symbol,
    ...<2 lines>...
        interval=interval
    )
  File "/Users/prathameshkale/Documents/django-automation/stock_data/services.py", line 292, in fetch_historical_data_by_symbol
    raise ValueError(f"Symbol {symbol} not found in supported stocks")
ValueError: Symbol NIFTY 50 not found in supported stocks
ERROR 2025-09-04 17:48:41,463 views 96780 6133067776 Error fetching data: Symbol GOLDBEES not found in supported stocks
Traceback (most recent call last):
  File "/Users/prathameshkale/Documents/django-automation/stock_data/views.py", line 62, in index
    historical_data = kite_service.fetch_historical_data_by_symbol(
        symbol=symbol,
    ...<2 lines>...
        interval=interval
    )
  File "/Users/prathameshkale/Documents/django-automation/stock_data/services.py", line 292, in fetch_historical_data_by_symbol
    raise ValueError(f"Symbol {symbol} not found in supported stocks")
ValueError: Symbol GOLDBEES not found in supported stocks
INFO 2025-09-04 17:48:50,295 services 96780 6133067776 Fetching data for token 408065 from 2025-08-05 to 2025-09-04
INFO 2025-09-04 17:48:50,665 services 96780 6133067776 Data saved to /Users/prathameshkale/Documents/django-automation/data_storage/INFY_minute_20250805_to_20250904_20250904_174850.json
ERROR 2025-09-04 17:52:25,988 views 96896 6169325568 Error fetching data: Symbol GOLDBEES not found in supported stocks
Traceback (most recent call last):
  File "/Users/prathameshkale/Documents/django-automation/stock_data/views.py", line 62, in index
    historical_data = kite_service.fetch_historical_data_by_symbol(
        symbol=symbol,
    ...<2 lines>...
        interval=interval
    )
  File "/Users/prathameshkale/Documents/django-automation/stock_data/services.py", line 292, in fetch_historical_data_by_symbol
    raise ValueError(f"Symbol {symbol} not found in supported stocks")
ValueError: Symbol GOLDBEES not found in supported stocks
ERROR 2025-09-04 17:52:27,737 views 96896 6169325568 Error fetching data: Symbol GOLDBEES not found in supported stocks
Traceback (most recent call last):
  File "/Users/prathameshkale/Documents/django-automation/stock_data/views.py", line 62, in index
    historical_data = kite_service.fetch_historical_data_by_symbol(
        symbol=symbol,
    ...<2 lines>...
        interval=interval
    )
  File "/Users/prathameshkale/Documents/django-automation/stock_data/services.py", line 292, in fetch_historical_data_by_symbol
    raise ValueError(f"Symbol {symbol} not found in supported stocks")
ValueError: Symbol GOLDBEES not found in supported stocks
ERROR 2025-09-04 17:52:37,304 views 96896 6169325568 Error fetching data: Symbol NIFTY50 not found in supported stocks
Traceback (most recent call last):
  File "/Users/prathameshkale/Documents/django-automation/stock_data/views.py", line 62, in index
    historical_data = kite_service.fetch_historical_data_by_symbol(
        symbol=symbol,
    ...<2 lines>...
        interval=interval
    )
  File "/Users/prathameshkale/Documents/django-automation/stock_data/services.py", line 292, in fetch_historical_data_by_symbol
    raise ValueError(f"Symbol {symbol} not found in supported stocks")
ValueError: Symbol NIFTY50 not found in supported stocks
INFO 2025-09-04 17:52:51,786 services 96922 6133706752 Fetching data for token 4268801 from 2025-08-05 to 2025-09-04
INFO 2025-09-04 17:52:52,159 services 96922 6133706752 Data saved to /Users/prathameshkale/Documents/django-automation/data_storage/BAJAJFINSV_minute_20250805_to_20250904_20250904_175252.json
INFO 2025-09-04 17:53:04,866 strategy_service 96922 6133706752 Running strategy on file: /Users/prathameshkale/Documents/django-automation/data_storage/BAJAJFINSV_minute_20250805_to_20250904_20250904_175252.json
INFO 2025-09-04 17:53:05,028 strategy_service 96922 6133706752 Saved 29 signals for BAJAJFINSV
INFO 2025-09-04 17:53:05,030 strategy_service 96922 6133706752 Saved backtest results for BAJAJFINSV
INFO 2025-09-04 17:53:11,765 views 96922 6133706752 Found matching symbol file: /Users/prathameshkale/Documents/django-automation/data_storage/BAJAJFINSV_minute_20250805_to_20250904_20250904_175252.json
INFO 2025-09-04 17:53:11,770 views 96922 6133706752 Loaded file with 7875 records
INFO 2025-09-04 17:53:11,772 views 96922 6133706752 Extracted 7875 valid OHLC records
INFO 2025-09-04 17:53:56,209 services 96922 6133706752 Fetching data for token 256265 from 2025-08-05 to 2025-09-04
INFO 2025-09-04 17:53:56,596 services 96922 6133706752 Data saved to /Users/prathameshkale/Documents/django-automation/data_storage/NIFTY50_minute_20250805_to_20250904_20250904_175356.json
ERROR 2025-09-04 18:12:20,051 views 97593 6170619904 Error exporting backtest to Excel: Excel does not support datetimes with timezones. Please ensure that datetimes are timezone unaware before writing to Excel.
Traceback (most recent call last):
  File "/Users/prathameshkale/Documents/django-automation/stock_data/views.py", line 936, in export_backtest_to_excel
    signals_df.to_excel(writer, sheet_name='Trade_Signals', index=False)
    ~~~~~~~~~~~~~~~~~~~^^^^^^^^^^^^^^^^^^^^^^^^^^^^^^^^^^^^^^^^^^^^^^^^^
  File "/Users/prathameshkale/Documents/django-automation/venv/lib/python3.13/site-packages/pandas/util/_decorators.py", line 333, in wrapper
    return func(*args, **kwargs)
  File "/Users/prathameshkale/Documents/django-automation/venv/lib/python3.13/site-packages/pandas/core/generic.py", line 2436, in to_excel
    formatter.write(
    ~~~~~~~~~~~~~~~^
        excel_writer,
        ^^^^^^^^^^^^^
    ...<6 lines>...
        engine_kwargs=engine_kwargs,
        ^^^^^^^^^^^^^^^^^^^^^^^^^^^^
    )
    ^
  File "/Users/prathameshkale/Documents/django-automation/venv/lib/python3.13/site-packages/pandas/io/formats/excel.py", line 952, in write
    writer._write_cells(
    ~~~~~~~~~~~~~~~~~~~^
        formatted_cells,
        ^^^^^^^^^^^^^^^^
    ...<3 lines>...
        freeze_panes=freeze_panes,
        ^^^^^^^^^^^^^^^^^^^^^^^^^^
    )
    ^
  File "/Users/prathameshkale/Documents/django-automation/venv/lib/python3.13/site-packages/pandas/io/excel/_openpyxl.py", line 486, in _write_cells
    for cell in cells:
                ^^^^^
  File "/Users/prathameshkale/Documents/django-automation/venv/lib/python3.13/site-packages/pandas/io/formats/excel.py", line 890, in get_formatted_cells
    cell.val = self._format_value(cell.val)
               ~~~~~~~~~~~~~~~~~~^^^^^^^^^^
  File "/Users/prathameshkale/Documents/django-automation/venv/lib/python3.13/site-packages/pandas/io/formats/excel.py", line 607, in _format_value
    raise ValueError(
    ...<3 lines>...
    )
ValueError: Excel does not support datetimes with timezones. Please ensure that datetimes are timezone unaware before writing to Excel.
INFO 2025-09-04 18:17:42,247 views 683 6129692672 Found matching symbol file: /Users/prathameshkale/Documents/django-automation/data_storage/HINDALCO_minute_20250804_to_20250903_20250903_151423.json
INFO 2025-09-04 18:17:42,251 views 683 6129692672 Loaded file with 7875 records
INFO 2025-09-04 18:17:42,270 views 683 6129692672 Extracted 7875 valid OHLC records
INFO 2025-09-04 18:18:14,377 views 683 6129692672 Found matching symbol file: /Users/prathameshkale/Documents/django-automation/data_storage/HINDALCO_minute_20250804_to_20250903_20250903_151423.json
INFO 2025-09-04 18:18:14,381 views 683 6129692672 Loaded file with 7875 records
INFO 2025-09-04 18:18:14,384 views 683 6129692672 Extracted 7875 valid OHLC records
INFO 2025-09-04 18:18:26,549 strategy_service 683 6129692672 Running strategy on file: /Users/prathameshkale/Documents/django-automation/data_storage/NIFTY50_minute_20250805_to_20250904_20250904_175356.json
INFO 2025-09-04 18:18:26,706 strategy_service 683 6129692672 Saved 22 signals for NIFTY50
INFO 2025-09-04 18:18:26,707 strategy_service 683 6129692672 Saved backtest results for NIFTY50
INFO 2025-09-04 18:18:33,871 views 683 6129692672 Found matching symbol file: /Users/prathameshkale/Documents/django-automation/data_storage/NIFTY50_minute_20250805_to_20250904_20250904_175356.json
INFO 2025-09-04 18:18:33,876 views 683 6129692672 Loaded file with 7875 records
INFO 2025-09-04 18:18:33,878 views 683 6129692672 Extracted 7875 valid OHLC records
INFO 2025-09-04 18:19:13,527 views 683 6129692672 Found matching symbol file: /Users/prathameshkale/Documents/django-automation/data_storage/NIFTY50_minute_20250805_to_20250904_20250904_175356.json
INFO 2025-09-04 18:19:13,532 views 683 6129692672 Loaded file with 7875 records
INFO 2025-09-04 18:19:13,536 views 683 6129692672 Extracted 7875 valid OHLC records
INFO 2025-09-04 18:20:10,077 views 683 6129692672 Found matching symbol file: /Users/prathameshkale/Documents/django-automation/data_storage/BAJAJFINSV_minute_20250805_to_20250904_20250904_175252.json
INFO 2025-09-04 18:20:10,081 views 683 6129692672 Loaded file with 7875 records
INFO 2025-09-04 18:20:10,083 views 683 6129692672 Extracted 7875 valid OHLC records
INFO 2025-09-04 18:32:23,496 views 683 6129692672 Found matching symbol file: /Users/prathameshkale/Documents/django-automation/data_storage/NIFTY50_minute_20250805_to_20250904_20250904_175356.json
INFO 2025-09-04 18:32:23,501 views 683 6129692672 Loaded file with 7875 records
INFO 2025-09-04 18:32:23,503 views 683 6129692672 Extracted 7875 valid OHLC records
INFO 2025-09-04 18:33:14,012 views 683 6129692672 Found matching symbol file: /Users/prathameshkale/Documents/django-automation/data_storage/BAJAJFINSV_minute_20250805_to_20250904_20250904_175252.json
INFO 2025-09-04 18:33:14,017 views 683 6129692672 Loaded file with 7875 records
INFO 2025-09-04 18:33:14,019 views 683 6129692672 Extracted 7875 valid OHLC records
INFO 2025-09-04 18:33:21,371 views 683 6129692672 Found matching symbol file: /Users/prathameshkale/Documents/django-automation/data_storage/NIFTY50_minute_20250805_to_20250904_20250904_175356.json
INFO 2025-09-04 18:33:21,375 views 683 6129692672 Loaded file with 7875 records
INFO 2025-09-04 18:33:21,378 views 683 6129692672 Extracted 7875 valid OHLC records
INFO 2025-09-04 18:35:57,345 views 683 6129692672 Found matching symbol file: /Users/prathameshkale/Documents/django-automation/data_storage/BAJAJFINSV_minute_20250805_to_20250904_20250904_175252.json
INFO 2025-09-04 18:35:57,349 views 683 6129692672 Loaded file with 7875 records
INFO 2025-09-04 18:35:57,351 views 683 6129692672 Extracted 7875 valid OHLC records
INFO 2025-09-05 05:58:01,823 services 68607 6199095296 Fetching data for token 1195265 from 2025-08-06 to 2025-09-05
ERROR 2025-09-05 05:58:01,920 services 68607 6199095296 Error fetching historical data: Incorrect `api_key` or `access_token`.
INFO 2025-09-05 05:58:01,923 services 68607 6199095296 Generated 1000 sample records
INFO 2025-09-05 05:58:01,934 services 68607 6199095296 Data saved to /Users/prathameshkale/Documents/django-automation/data_storage/BANKBEES_minute_20250806_to_20250905_20250905_055801.json
INFO 2025-09-05 16:44:20,585 views 97739 6195359744 Found matching symbol file: /Users/prathameshkale/Documents/django-automation/data_storage/BAJAJFINSV_minute_20250805_to_20250904_20250904_175252.json
INFO 2025-09-05 16:44:20,590 views 97739 6195359744 Loaded file with 7875 records
INFO 2025-09-05 16:44:20,593 views 97739 6195359744 Extracted 7875 valid OHLC records
INFO 2025-09-06 05:04:58,307 views 2813 6189821952 Found matching symbol file: /Users/prathameshkale/Documents/django-automation/data_storage/NIFTY50_minute_20250805_to_20250904_20250904_175356.json
INFO 2025-09-06 05:04:58,311 views 2813 6189821952 Loaded file with 7875 records
INFO 2025-09-06 05:04:58,314 views 2813 6189821952 Extracted 7875 valid OHLC records
ERROR 2025-09-08 12:25:41,197 services 4330 6167228416 Error fetching historical data: Not authenticated with Kite API
INFO 2025-09-08 12:25:41,203 services 4330 6167228416 Generated 1000 sample records
INFO 2025-09-08 12:25:41,222 services 4330 6167228416 Data saved to /Users/prathameshkale/Documents/django-automation/data_storage/BANKBEES_minute_20250809_to_20250908_20250908_122541.json
INFO 2025-09-08 12:25:48,206 strategy_service 4330 6167228416 Running strategy on file: /Users/prathameshkale/Documents/django-automation/data_storage/BANKBEES_minute_20250809_to_20250908_20250908_122541.json
INFO 2025-09-08 12:25:48,266 strategy_service 4330 6167228416 Saved 0 signals for BANKBEES
INFO 2025-09-08 12:25:48,268 strategy_service 4330 6167228416 Saved backtest results for BANKBEES
INFO 2025-09-08 12:25:57,549 views 4330 6167228416 Found matching symbol file: /Users/prathameshkale/Documents/django-automation/data_storage/BANKBEES_minute_20250809_to_20250908_20250908_122541.json
INFO 2025-09-08 12:25:57,549 views 4330 6167228416 Loaded file with 1000 records
INFO 2025-09-08 12:25:57,550 views 4330 6167228416 Extracted 1000 valid OHLC records
INFO 2025-09-08 12:26:02,513 views 4330 6167228416 Found matching symbol file: /Users/prathameshkale/Documents/django-automation/data_storage/HINDALCO_minute_20250804_to_20250903_20250903_151423.json
INFO 2025-09-08 12:26:02,517 views 4330 6167228416 Loaded file with 7875 records
INFO 2025-09-08 12:26:02,519 views 4330 6167228416 Extracted 7875 valid OHLC records
ERROR 2025-09-08 12:26:11,005 services 4330 6167228416 Error fetching historical data: Not authenticated with Kite API
INFO 2025-09-08 12:26:11,010 services 4330 6167228416 Generated 1000 sample records
INFO 2025-09-08 12:26:11,030 services 4330 6167228416 Data saved to /Users/prathameshkale/Documents/django-automation/data_storage/NIFTYIT_minute_20250809_to_20250908_20250908_122611.json
INFO 2025-09-08 12:26:24,156 strategy_service 4330 6167228416 Running strategy on file: /Users/prathameshkale/Documents/django-automation/data_storage/NIFTYIT_minute_20250809_to_20250908_20250908_122611.json
INFO 2025-09-08 12:26:24,199 strategy_service 4330 6167228416 Saved 0 signals for NIFTYIT
INFO 2025-09-08 12:26:24,200 strategy_service 4330 6167228416 Saved backtest results for NIFTYIT
INFO 2025-09-08 12:29:20,388 views 4330 6167228416 Auth form submission - Form valid: True, Credentials exist: True
INFO 2025-09-08 12:29:20,389 views 4330 6167228416 Processing authentication with request_token: VggmI5ItpQ...
INFO 2025-09-08 12:29:20,389 views 4330 6167228416 Attempting to generate session...
INFO 2025-09-08 12:29:20,500 views 4330 6167228416 Session data received: {'user_type': 'individual/res_no_nn', 'email': 'bhatikares@gmail.com', 'user_name': 'Sourabh Vidhyadhar Bhatikare', 'user_shortname': 'Sourabh', 'broker': 'ZERODHA', 'exchanges': ['BFO', 'BSE', 'NSE', 'MF', 'NFO'], 'products': ['CNC', 'NRML', 'MIS', 'BO', 'CO'], 'order_types': ['MARKET', 'LIMIT', 'SL', 'SL-M'], 'avatar_url': None, 'user_id': 'WH8704', 'api_key': 'bd53m7sxfmjy2kbz', 'access_token': 'VDHCgBPbm1IgyV3IpWF55wVc4A69L6KU', 'public_token': 'U7m8bWPh2Q9IuDVJ4dqRahR2RG1dLe1X', 'refresh_token': '', 'enctoken': 'iE0rfqQTXPbpdo5jmd0OUFYzYWsWf2Ti7s/ubIRvZJ4dh6VuAmZ/u78vUyZxGDBrpNs1T+T1tYuSoksBVPvB+H3J9xpuxdVkqNQQQav8lumlp7iNopKIgBjF7omQt98=', 'login_time': datetime.datetime(2025, 9, 8, 17, 58, 45), 'meta': {'demat_consent': 'consent'}}
INFO 2025-09-08 12:29:20,502 views 4330 6167228416 Authentication successful for user: WH8704
INFO 2025-09-08 12:29:25,778 services 4330 6167228416 Fetching data for token 1195265 from 2025-08-09 to 2025-09-08
ERROR 2025-09-08 12:29:25,845 services 4330 6167228416 Error fetching historical data: invalid token
INFO 2025-09-08 12:29:25,852 services 4330 6167228416 Generated 1000 sample records
INFO 2025-09-08 12:29:25,872 services 4330 6167228416 Data saved to /Users/prathameshkale/Documents/django-automation/data_storage/BANKBEES_minute_20250809_to_20250908_20250908_122925.json
INFO 2025-09-08 12:29:30,807 strategy_service 4330 6167228416 Running strategy on file: /Users/prathameshkale/Documents/django-automation/data_storage/BANKBEES_minute_20250809_to_20250908_20250908_122925.json
INFO 2025-09-08 12:29:30,853 strategy_service 4330 6167228416 Saved 0 signals for BANKBEES
INFO 2025-09-08 12:29:30,855 strategy_service 4330 6167228416 Saved backtest results for BANKBEES
INFO 2025-09-08 12:30:44,997 services 4737 6190919680 Fetching data for token 1195265 from 2025-08-09 to 2025-09-08
ERROR 2025-09-08 12:30:45,105 services 4737 6190919680 Error fetching historical data: invalid token
INFO 2025-09-08 12:30:45,110 services 4737 6190919680 Generated 1000 sample records
INFO 2025-09-08 12:30:45,129 services 4737 6190919680 Data saved to /Users/prathameshkale/Documents/django-automation/data_storage/BANKBEES_minute_20250809_to_20250908_20250908_123045.json
INFO 2025-09-08 12:31:11,890 strategy_service 4737 6190919680 Running strategy on file: /Users/prathameshkale/Documents/django-automation/data_storage/BANKBEES_minute_20250809_to_20250908_20250908_123045.json
INFO 2025-09-08 12:31:11,938 strategy_service 4737 6190919680 Saved 0 signals for BANKBEES
INFO 2025-09-08 12:31:11,940 strategy_service 4737 6190919680 Saved backtest results for BANKBEES
INFO 2025-09-08 12:38:34,275 services 6177 6205403136 Fetching data for token 1195265 from 2025-08-09 to 2025-09-08
ERROR 2025-09-08 12:38:34,499 services 6177 6205403136 Error fetching historical data: invalid token
INFO 2025-09-08 12:38:34,505 services 6177 6205403136 Generated 1000 sample records
INFO 2025-09-08 12:38:34,526 services 6177 6205403136 Data saved to /Users/prathameshkale/Documents/django-automation/data_storage/BANKBEES_minute_20250809_to_20250908_20250908_123834.json
INFO 2025-09-08 12:38:43,492 strategy_service 6177 6205403136 Running strategy on file: /Users/prathameshkale/Documents/django-automation/data_storage/BANKBEES_minute_20250809_to_20250908_20250908_123834.json
INFO 2025-09-08 12:38:43,550 strategy_service 6177 6205403136 Saved 6 signals for BANKBEES
INFO 2025-09-08 12:38:43,551 strategy_service 6177 6205403136 Saved backtest results for BANKBEES
INFO 2025-09-08 12:38:52,670 views 6177 6205403136 Found matching symbol file: /Users/prathameshkale/Documents/django-automation/data_storage/BANKBEES_minute_20250809_to_20250908_20250908_123834.json
INFO 2025-09-08 12:38:52,672 views 6177 6205403136 Loaded file with 1000 records
INFO 2025-09-08 12:38:52,672 views 6177 6205403136 Extracted 1000 valid OHLC records
INFO 2025-09-08 12:39:07,501 views 6177 6205403136 Found matching symbol file: /Users/prathameshkale/Documents/django-automation/data_storage/BANKBEES_minute_20250809_to_20250908_20250908_123834.json
INFO 2025-09-08 12:39:07,501 views 6177 6205403136 Loaded file with 1000 records
INFO 2025-09-08 12:39:07,502 views 6177 6205403136 Extracted 1000 valid OHLC records
INFO 2025-09-08 12:42:13,719 services 6526 6157840384 Fetching data for token 1195265 from 2025-08-06 to 2025-09-08
ERROR 2025-09-08 12:42:13,813 services 6526 6157840384 Error fetching historical data: invalid token
INFO 2025-09-08 12:42:13,817 services 6526 6157840384 Generated 1000 sample records
INFO 2025-09-08 12:42:13,833 services 6526 6157840384 Data saved to /Users/prathameshkale/Documents/django-automation/data_storage/BANKBEES_minute_20250806_to_20250908_20250908_124213.json
INFO 2025-09-08 12:45:17,776 views 7154 6161821696 Auth form submission - Form valid: True, Credentials exist: True
INFO 2025-09-08 12:45:17,776 views 7154 6161821696 Processing authentication with request_token: nxV6ikmuJ2...
INFO 2025-09-08 12:45:17,776 views 7154 6161821696 Attempting to generate session...
INFO 2025-09-08 12:45:17,867 views 7154 6161821696 Session data received: {'user_type': 'individual/res_no_nn', 'email': 'bhatikares@gmail.com', 'user_name': 'Sourabh Vidhyadhar Bhatikare', 'user_shortname': 'Sourabh', 'broker': 'ZERODHA', 'exchanges': ['BFO', 'BSE', 'NSE', 'MF', 'NFO'], 'products': ['CNC', 'NRML', 'MIS', 'BO', 'CO'], 'order_types': ['MARKET', 'LIMIT', 'SL', 'SL-M'], 'avatar_url': None, 'user_id': 'WH8704', 'api_key': 'bd53m7sxfmjy2kbz', 'access_token': 'VDHCgBPbm1IgyV3IpWF55wVc4A69L6KU', 'public_token': 'U7m8bWPh2Q9IuDVJ4dqRahR2RG1dLe1X', 'refresh_token': '', 'enctoken': 'qn9lkVFncAivILqCTH+TZDtx9WoIUnZyQuuVW+IFGg7BgCjm6cvuQnKMGRjC0xD2lSXvXD+v84+pnnDgohHYvf9bHKfrX1ractAR35HfDHi2MVIwIG1NvWMOQnTMZMc=', 'login_time': datetime.datetime(2025, 9, 8, 17, 58, 45), 'meta': {'demat_consent': 'consent'}}
INFO 2025-09-08 12:45:17,871 views 7154 6161821696 Authentication successful for user: WH8704
INFO 2025-09-08 12:45:29,385 services 7154 6161821696 Fetching data for token 3787777 from 2025-08-09 to 2025-09-08
ERROR 2025-09-08 12:45:29,457 services 7154 6161821696 Error fetching historical data: invalid token
INFO 2025-09-08 12:45:29,462 services 7154 6161821696 Generated 1000 sample records
INFO 2025-09-08 12:45:29,478 services 7154 6161821696 Data saved to /Users/prathameshkale/Documents/django-automation/data_storage/WIPRO_minute_20250809_to_20250908_20250908_124529.json
INFO 2025-09-08 12:45:36,346 strategy_service 7154 6161821696 Running strategy on file: /Users/prathameshkale/Documents/django-automation/data_storage/WIPRO_minute_20250809_to_20250908_20250908_124529.json
INFO 2025-09-08 12:45:36,396 strategy_service 7154 6161821696 Saved 0 signals for WIPRO
INFO 2025-09-08 12:45:36,397 strategy_service 7154 6161821696 Saved backtest results for WIPRO
INFO 2025-09-08 12:45:38,376 views 7154 6161821696 Found matching symbol file: /Users/prathameshkale/Documents/django-automation/data_storage/WIPRO_minute_20250809_to_20250908_20250908_124529.json
INFO 2025-09-08 12:45:38,378 views 7154 6161821696 Loaded file with 1000 records
INFO 2025-09-08 12:45:38,379 views 7154 6161821696 Extracted 1000 valid OHLC records
INFO 2025-09-08 12:45:43,478 strategy_service 7154 6161821696 Running strategy on file: /Users/prathameshkale/Documents/django-automation/data_storage/BANKBEES_minute_20250806_to_20250908_20250908_124213.json
INFO 2025-09-08 12:45:43,530 strategy_service 7154 6161821696 Saved 5 signals for BANKBEES
INFO 2025-09-08 12:45:43,531 strategy_service 7154 6161821696 Saved backtest results for BANKBEES
INFO 2025-09-08 12:45:49,869 views 7154 6161821696 Found matching symbol file: /Users/prathameshkale/Documents/django-automation/data_storage/BANKBEES_minute_20250806_to_20250908_20250908_124213.json
INFO 2025-09-08 12:45:49,872 views 7154 6161821696 Loaded file with 1000 records
INFO 2025-09-08 12:45:49,873 views 7154 6161821696 Extracted 1000 valid OHLC records
INFO 2025-09-08 12:49:25,723 views 7154 6161821696 Found matching symbol file: /Users/prathameshkale/Documents/django-automation/data_storage/WIPRO_minute_20250809_to_20250908_20250908_124529.json
INFO 2025-09-08 12:49:25,726 views 7154 6161821696 Loaded file with 1000 records
INFO 2025-09-08 12:49:25,726 views 7154 6161821696 Extracted 1000 valid OHLC records
INFO 2025-09-08 12:49:32,029 strategy_service 7154 6161821696 Running strategy on file: /Users/prathameshkale/Documents/django-automation/data_storage/WIPRO_minute_20250809_to_20250908_20250908_124529.json
INFO 2025-09-08 12:49:32,073 strategy_service 7154 6161821696 Saved 0 signals for WIPRO
INFO 2025-09-08 12:49:32,075 strategy_service 7154 6161821696 Saved backtest results for WIPRO
INFO 2025-09-08 12:54:32,459 services 7282 6134771712 Fetching data for token 1195265 from 2025-08-09 to 2025-09-08
ERROR 2025-09-08 12:54:32,575 services 7282 6134771712 Error fetching historical data: invalid token
INFO 2025-09-08 12:54:32,581 services 7282 6134771712 Generated 1000 sample records
INFO 2025-09-08 12:54:32,599 services 7282 6134771712 Data saved to /Users/prathameshkale/Documents/django-automation/data_storage/BANKBEES_minute_20250809_to_20250908_20250908_125432.json
INFO 2025-09-08 12:54:37,628 strategy_service 7282 6134771712 Running strategy on file: /Users/prathameshkale/Documents/django-automation/data_storage/BANKBEES_minute_20250809_to_20250908_20250908_125432.json
INFO 2025-09-08 12:54:37,682 strategy_service 7282 6134771712 Saved 3 signals for BANKBEES
INFO 2025-09-08 12:54:37,683 strategy_service 7282 6134771712 Saved backtest results for BANKBEES
INFO 2025-09-08 12:54:41,753 views 7282 6134771712 Found matching symbol file: /Users/prathameshkale/Documents/django-automation/data_storage/BANKBEES_minute_20250809_to_20250908_20250908_125432.json
INFO 2025-09-08 12:54:41,756 views 7282 6134771712 Loaded file with 1000 records
INFO 2025-09-08 12:54:41,757 views 7282 6134771712 Extracted 1000 valid OHLC records
INFO 2025-09-08 12:54:47,853 views 7282 6134771712 Found matching symbol file: /Users/prathameshkale/Documents/django-automation/data_storage/BANKBEES_minute_20250809_to_20250908_20250908_125432.json
INFO 2025-09-08 12:54:47,855 views 7282 6134771712 Loaded file with 1000 records
INFO 2025-09-08 12:54:47,856 views 7282 6134771712 Extracted 1000 valid OHLC records
INFO 2025-09-08 12:54:52,556 views 7282 6134771712 Found matching symbol file: /Users/prathameshkale/Documents/django-automation/data_storage/BANKBEES_minute_20250809_to_20250908_20250908_125432.json
INFO 2025-09-08 12:54:52,558 views 7282 6134771712 Loaded file with 1000 records
INFO 2025-09-08 12:54:52,559 views 7282 6134771712 Extracted 1000 valid OHLC records
INFO 2025-09-08 12:55:47,702 views 7282 6134771712 Found matching symbol file: /Users/prathameshkale/Documents/django-automation/data_storage/BANKBEES_minute_20250809_to_20250908_20250908_125432.json
INFO 2025-09-08 12:55:47,705 views 7282 6134771712 Loaded file with 1000 records
INFO 2025-09-08 12:55:47,706 views 7282 6134771712 Extracted 1000 valid OHLC records
INFO 2025-09-08 12:55:50,702 views 7282 6134771712 Found matching symbol file: /Users/prathameshkale/Documents/django-automation/data_storage/BANKBEES_minute_20250809_to_20250908_20250908_125432.json
INFO 2025-09-08 12:55:50,704 views 7282 6134771712 Loaded file with 1000 records
INFO 2025-09-08 12:55:50,706 views 7282 6134771712 Extracted 1000 valid OHLC records
INFO 2025-09-08 12:55:52,685 views 7282 6134771712 Found matching symbol file: /Users/prathameshkale/Documents/django-automation/data_storage/WIPRO_minute_20250809_to_20250908_20250908_124529.json
INFO 2025-09-08 12:55:52,687 views 7282 6134771712 Loaded file with 1000 records
INFO 2025-09-08 12:55:52,688 views 7282 6134771712 Extracted 1000 valid OHLC records
INFO 2025-09-08 12:55:54,935 views 7282 6134771712 Found matching symbol file: /Users/prathameshkale/Documents/django-automation/data_storage/WIPRO_minute_20250809_to_20250908_20250908_124529.json
INFO 2025-09-08 12:55:54,937 views 7282 6134771712 Loaded file with 1000 records
INFO 2025-09-08 12:55:54,939 views 7282 6134771712 Extracted 1000 valid OHLC records
INFO 2025-09-08 12:56:03,751 views 7282 6134771712 Found matching symbol file: /Users/prathameshkale/Documents/django-automation/data_storage/WIPRO_minute_20250809_to_20250908_20250908_124529.json
INFO 2025-09-08 12:56:03,754 views 7282 6134771712 Loaded file with 1000 records
INFO 2025-09-08 12:56:03,755 views 7282 6134771712 Extracted 1000 valid OHLC records
INFO 2025-09-08 12:59:55,728 views 7350 6132461568 chart_data_api: Loaded backtest 4 for symbol BANKBEES
INFO 2025-09-08 12:59:55,733 views 7350 6132461568 chart_data_api: Found 0 signals for backtest 4
INFO 2025-09-08 12:59:55,742 views 7350 6132461568 chart_data_api: Found matching symbol file: /Users/prathameshkale/Documents/django-automation/data_storage/BANKBEES_minute_20250809_to_20250908_20250908_125432.json
INFO 2025-09-08 12:59:55,745 views 7350 6132461568 chart_data_api: Loaded file with 1000 records
INFO 2025-09-08 12:59:55,746 views 7350 6132461568 chart_data_api: Extracted 1000 valid OHLC records
INFO 2025-09-08 12:59:55,752 views 7350 6132461568 chart_data_api: Returning 1000 OHLC, 0 signals, 975 MACD, 996 MA
INFO 2025-09-08 13:00:13,193 strategy_service 7350 6132461568 Running strategy on file: /Users/prathameshkale/Documents/django-automation/data_storage/BANKBEES_minute_20250809_to_20250908_20250908_125432.json
INFO 2025-09-08 13:00:13,246 strategy_service 7350 6132461568 Saved 3 signals for BANKBEES
INFO 2025-09-08 13:00:13,247 strategy_service 7350 6132461568 Saved backtest results for BANKBEES
INFO 2025-09-08 13:00:17,093 strategy_service 7350 6132461568 Running strategy on file: /Users/prathameshkale/Documents/django-automation/data_storage/WIPRO_minute_20250809_to_20250908_20250908_124529.json
INFO 2025-09-08 13:00:17,134 strategy_service 7350 6132461568 Saved 0 signals for WIPRO
INFO 2025-09-08 13:00:17,136 strategy_service 7350 6132461568 Saved backtest results for WIPRO
INFO 2025-09-08 13:00:21,806 strategy_service 7350 6132461568 Running strategy on file: /Users/prathameshkale/Documents/django-automation/data_storage/BANKBEES_minute_20250809_to_20250908_20250908_125432.json
INFO 2025-09-08 13:00:21,838 strategy_service 7350 6132461568 Saved 3 signals for BANKBEES
INFO 2025-09-08 13:00:21,839 strategy_service 7350 6132461568 Saved backtest results for BANKBEES
INFO 2025-09-08 13:00:25,844 views 7350 6132461568 chart_data_api: Loaded backtest 7 for symbol BANKBEES
INFO 2025-09-08 13:00:25,846 views 7350 6132461568 chart_data_api: Found 0 signals for backtest 7
INFO 2025-09-08 13:00:25,853 views 7350 6132461568 chart_data_api: Found matching symbol file: /Users/prathameshkale/Documents/django-automation/data_storage/BANKBEES_minute_20250809_to_20250908_20250908_125432.json
INFO 2025-09-08 13:00:25,855 views 7350 6132461568 chart_data_api: Loaded file with 1000 records
INFO 2025-09-08 13:00:25,856 views 7350 6132461568 chart_data_api: Extracted 1000 valid OHLC records
INFO 2025-09-08 13:00:25,864 views 7350 6132461568 chart_data_api: Returning 1000 OHLC, 0 signals, 975 MACD, 996 MA
INFO 2025-09-08 13:00:37,654 services 7350 6132461568 Fetching data for token 2815745 from 2025-08-09 to 2025-09-08
INFO 2025-09-08 13:00:38,029 services 7350 6132461568 Data saved to /Users/prathameshkale/Documents/django-automation/data_storage/MARUTI_minute_20250809_to_20250908_20250908_130037.json
INFO 2025-09-08 13:00:49,110 strategy_service 7350 6132461568 Running strategy on file: /Users/prathameshkale/Documents/django-automation/data_storage/MARUTI_minute_20250809_to_20250908_20250908_130037.json
INFO 2025-09-08 13:00:49,263 strategy_service 7350 6132461568 Saved 40 signals for MARUTI
INFO 2025-09-08 13:00:49,264 strategy_service 7350 6132461568 Saved backtest results for MARUTI
INFO 2025-09-08 13:00:53,544 views 7350 6132461568 chart_data_api: Loaded backtest 8 for symbol MARUTI
INFO 2025-09-08 13:00:53,545 views 7350 6132461568 chart_data_api: Found 39 signals for backtest 8
INFO 2025-09-08 13:00:53,564 views 7350 6132461568 chart_data_api: Found matching symbol file: /Users/prathameshkale/Documents/django-automation/data_storage/MARUTI_minute_20250809_to_20250908_20250908_130037.json
INFO 2025-09-08 13:00:53,573 views 7350 6132461568 chart_data_api: Loaded file with 7125 records
INFO 2025-09-08 13:00:53,578 views 7350 6132461568 chart_data_api: Extracted 7125 valid OHLC records
INFO 2025-09-08 13:00:53,602 views 7350 6132461568 chart_data_api: Returning 7125 OHLC, 39 signals, 7100 MACD, 7121 MA
INFO 2025-09-08 13:02:08,438 services 7350 6132461568 Fetching data for token 11483906 from 2025-08-09 to 2025-09-08
ERROR 2025-09-08 13:02:08,522 services 7350 6132461568 Error fetching historical data: invalid token
INFO 2025-09-08 13:02:08,527 services 7350 6132461568 Generated 1000 sample records
INFO 2025-09-08 13:02:08,549 services 7350 6132461568 Data saved to /Users/prathameshkale/Documents/django-automation/data_storage/LTIM_minute_20250809_to_20250908_20250908_130208.json
INFO 2025-09-08 13:02:42,316 services 7350 6132461568 Fetching data for token 3675137 from 2025-08-09 to 2025-09-08
ERROR 2025-09-08 13:02:42,386 services 7350 6132461568 Error fetching historical data: invalid token
INFO 2025-09-08 13:02:42,391 services 7350 6132461568 Generated 1000 sample records
INFO 2025-09-08 13:02:42,409 services 7350 6132461568 Data saved to /Users/prathameshkale/Documents/django-automation/data_storage/YESBANK_minute_20250809_to_20250908_20250908_130242.json
INFO 2025-09-08 13:03:29,688 services 7350 6132461568 Fetching data for token 897537 from 2025-08-01 to 2025-09-02
INFO 2025-09-08 13:03:30,044 services 7350 6132461568 Data saved to /Users/prathameshkale/Documents/django-automation/data_storage/TITAN_minute_20250801_to_20250902_20250908_130329.json
INFO 2025-09-08 13:03:50,928 services 7350 6132461568 Fetching data for token 1195265 from 2025-08-09 to 2025-09-01
ERROR 2025-09-08 13:03:50,999 services 7350 6132461568 Error fetching historical data: invalid token
INFO 2025-09-08 13:03:51,004 services 7350 6132461568 Generated 1000 sample records
INFO 2025-09-08 13:03:51,024 services 7350 6132461568 Data saved to /Users/prathameshkale/Documents/django-automation/data_storage/BANKBEES_minute_20250809_to_20250901_20250908_130351.json
INFO 2025-09-08 13:04:27,600 strategy_service 7350 6132461568 Running strategy on file: /Users/prathameshkale/Documents/django-automation/data_storage/TITAN_minute_20250801_to_20250902_20250908_130329.json
INFO 2025-09-08 13:04:27,761 strategy_service 7350 6132461568 Saved 38 signals for TITAN
INFO 2025-09-08 13:04:27,762 strategy_service 7350 6132461568 Saved backtest results for TITAN
INFO 2025-09-08 13:04:40,101 views 7350 6132461568 chart_data_api: Loaded backtest 9 for symbol TITAN
INFO 2025-09-08 13:04:40,102 views 7350 6132461568 chart_data_api: Found 38 signals for backtest 9
INFO 2025-09-08 13:04:40,137 views 7350 6132461568 chart_data_api: Found matching symbol file: /Users/prathameshkale/Documents/django-automation/data_storage/TITAN_minute_20250801_to_20250902_20250908_130329.json
INFO 2025-09-08 13:04:40,144 views 7350 6132461568 chart_data_api: Loaded file with 7875 records
INFO 2025-09-08 13:04:40,148 views 7350 6132461568 chart_data_api: Extracted 7875 valid OHLC records
INFO 2025-09-08 13:04:40,170 views 7350 6132461568 chart_data_api: Returning 7875 OHLC, 38 signals, 7850 MACD, 7871 MA
INFO 2025-09-08 13:04:44,209 views 7350 6132461568 chart_data_api: Loaded backtest 8 for symbol MARUTI
INFO 2025-09-08 13:04:44,210 views 7350 6132461568 chart_data_api: Found 39 signals for backtest 8
INFO 2025-09-08 13:04:44,237 views 7350 6132461568 chart_data_api: Found matching symbol file: /Users/prathameshkale/Documents/django-automation/data_storage/MARUTI_minute_20250809_to_20250908_20250908_130037.json
INFO 2025-09-08 13:04:44,243 views 7350 6132461568 chart_data_api: Loaded file with 7125 records
INFO 2025-09-08 13:04:44,246 views 7350 6132461568 chart_data_api: Extracted 7125 valid OHLC records
INFO 2025-09-08 13:04:44,265 views 7350 6132461568 chart_data_api: Returning 7125 OHLC, 39 signals, 7100 MACD, 7121 MA
INFO 2025-09-08 13:04:48,031 views 7350 6132461568 chart_data_api: Loaded backtest 7 for symbol BANKBEES
INFO 2025-09-08 13:04:48,033 views 7350 6132461568 chart_data_api: Found 0 signals for backtest 7
INFO 2025-09-08 13:04:48,061 views 7350 6132461568 chart_data_api: Found matching symbol file: /Users/prathameshkale/Documents/django-automation/data_storage/BANKBEES_minute_20250809_to_20250901_20250908_130351.json
INFO 2025-09-08 13:04:48,061 views 7350 6132461568 chart_data_api: Loaded file with 1000 records
INFO 2025-09-08 13:04:48,062 views 7350 6132461568 chart_data_api: Extracted 1000 valid OHLC records
INFO 2025-09-08 13:04:48,065 views 7350 6132461568 chart_data_api: Returning 1000 OHLC, 0 signals, 975 MACD, 996 MA
INFO 2025-09-08 13:04:50,719 views 7350 6132461568 chart_data_api: Loaded backtest 6 for symbol WIPRO
INFO 2025-09-08 13:04:50,720 views 7350 6132461568 chart_data_api: Found 0 signals for backtest 6
INFO 2025-09-08 13:04:50,755 views 7350 6132461568 chart_data_api: Found matching symbol file: /Users/prathameshkale/Documents/django-automation/data_storage/WIPRO_minute_20250809_to_20250908_20250908_124529.json
INFO 2025-09-08 13:04:50,756 views 7350 6132461568 chart_data_api: Loaded file with 1000 records
INFO 2025-09-08 13:04:50,756 views 7350 6132461568 chart_data_api: Extracted 1000 valid OHLC records
INFO 2025-09-08 13:04:50,760 views 7350 6132461568 chart_data_api: Returning 1000 OHLC, 0 signals, 975 MACD, 996 MA
INFO 2025-09-08 13:04:54,518 views 7350 6132461568 chart_data_api: Loaded backtest 7 for symbol BANKBEES
INFO 2025-09-08 13:04:54,520 views 7350 6132461568 chart_data_api: Found 0 signals for backtest 7
INFO 2025-09-08 13:04:54,553 views 7350 6132461568 chart_data_api: Found matching symbol file: /Users/prathameshkale/Documents/django-automation/data_storage/BANKBEES_minute_20250809_to_20250901_20250908_130351.json
INFO 2025-09-08 13:04:54,554 views 7350 6132461568 chart_data_api: Loaded file with 1000 records
INFO 2025-09-08 13:04:54,555 views 7350 6132461568 chart_data_api: Extracted 1000 valid OHLC records
INFO 2025-09-08 13:04:54,559 views 7350 6132461568 chart_data_api: Returning 1000 OHLC, 0 signals, 975 MACD, 996 MA
INFO 2025-09-08 13:04:57,467 views 7350 6132461568 chart_data_api: Loaded backtest 8 for symbol MARUTI
INFO 2025-09-08 13:04:57,468 views 7350 6132461568 chart_data_api: Found 39 signals for backtest 8
INFO 2025-09-08 13:04:57,502 views 7350 6132461568 chart_data_api: Found matching symbol file: /Users/prathameshkale/Documents/django-automation/data_storage/MARUTI_minute_20250809_to_20250908_20250908_130037.json
INFO 2025-09-08 13:04:57,508 views 7350 6132461568 chart_data_api: Loaded file with 7125 records
INFO 2025-09-08 13:04:57,511 views 7350 6132461568 chart_data_api: Extracted 7125 valid OHLC records
INFO 2025-09-08 13:04:57,532 views 7350 6132461568 chart_data_api: Returning 7125 OHLC, 39 signals, 7100 MACD, 7121 MA
INFO 2025-09-08 13:06:54,690 services 7350 6132461568 Fetching data for token 1195265 from 2025-08-30 to 2025-09-08
ERROR 2025-09-08 13:06:54,778 services 7350 6132461568 Error fetching historical data: invalid token
INFO 2025-09-08 13:06:54,782 services 7350 6132461568 Generated 1000 sample records
INFO 2025-09-08 13:06:54,797 services 7350 6132461568 Data saved to /Users/prathameshkale/Documents/django-automation/data_storage/BANKBEES_minute_20250830_to_20250908_20250908_130654.json
INFO 2025-09-08 13:07:07,040 services 7350 6132461568 Fetching data for token 256265 from 2025-08-27 to 2025-09-08
INFO 2025-09-08 13:07:07,262 services 7350 6132461568 Data saved to /Users/prathameshkale/Documents/django-automation/data_storage/NIFTY50_minute_20250827_to_20250908_20250908_130707.json
INFO 2025-09-08 13:07:17,216 strategy_service 7350 6132461568 Running strategy on file: /Users/prathameshkale/Documents/django-automation/data_storage/NIFTY50_minute_20250827_to_20250908_20250908_130707.json
INFO 2025-09-08 13:07:17,297 strategy_service 7350 6132461568 Saved 4 signals for NIFTY50
INFO 2025-09-08 13:07:17,298 strategy_service 7350 6132461568 Saved backtest results for NIFTY50
INFO 2025-09-08 13:07:21,585 views 7350 6132461568 chart_data_api: Loaded backtest 10 for symbol NIFTY50
INFO 2025-09-08 13:07:21,586 views 7350 6132461568 chart_data_api: Found 4 signals for backtest 10
INFO 2025-09-08 13:07:21,626 views 7350 6132461568 chart_data_api: Found matching symbol file: /Users/prathameshkale/Documents/django-automation/data_storage/NIFTY50_minute_20250827_to_20250908_20250908_130707.json
INFO 2025-09-08 13:07:21,629 views 7350 6132461568 chart_data_api: Loaded file with 3000 records
INFO 2025-09-08 13:07:21,630 views 7350 6132461568 chart_data_api: Extracted 3000 valid OHLC records
INFO 2025-09-08 13:07:21,639 views 7350 6132461568 chart_data_api: Returning 3000 OHLC, 4 signals, 2975 MACD, 2996 MA
